


ARM Macro Assembler    Page 1 


    1 00000000         ;*******************************************************
                       ********************************************************
                       ***************************
    2 00000000         ; 文件名称: startup_SWM260.s
    3 00000000         ; 功能说明: SWM260单片机的启动文件
    4 00000000         ; 技术支持: http://www.synwit.com.cn/e/tool/gbook/?bid=1
                       
    5 00000000         ; 注意事项:
    6 00000000         ; 版本日期: V1.0.0  2016年1月30日
    7 00000000         ; 升级记录:
    8 00000000         ;
    9 00000000         ;
   10 00000000         ;*******************************************************
                       ********************************************************
                       ***************************
   11 00000000         ; @attention
   12 00000000         ;
   13 00000000         ; THE PRESENT FIRMWARE WHICH IS FOR GUIDANCE ONLY AIMS A
                       T PROVIDING CUSTOMERS WITH CODING INFORMATION
   14 00000000         ; REGARDING THEIR PRODUCTS IN ORDER FOR THEM TO SAVE TIM
                       E. AS A RESULT, SYNWIT SHALL NOT BE HELD LIABLE
   15 00000000         ; FOR ANY DIRECT, INDIRECT OR CONSEQUENTIAL DAMAGES WITH
                        RESPECT TO ANY CLAIMS ARISING FROM THE CONTENT
   16 00000000         ; OF SUCH FIRMWARE AND/OR THE USE MADE BY CUSTOMERS OF T
                       HE CODING INFORMATION CONTAINED HEREIN IN CONN-
   17 00000000         ; -ECTION WITH THEIR PRODUCTS.
   18 00000000         ;
   19 00000000         ; COPYRIGHT 2012 Synwit Technology
   20 00000000         ;*******************************************************
                       ********************************************************
                       ***************************
   21 00000000         
   22 00000000         
   23 00000000         ; Amount of memory (in bytes) allocated for Stack
   24 00000000 00000400 
                       Stack_Size
                               EQU              0x00000400
   25 00000000         
   26 00000000                 AREA             STACK, NOINIT, READWRITE, ALIGN
=3
   27 00000000         Stack_Mem
                               SPACE            Stack_Size
   28 00000400         __initial_sp
   29 00000400         
   30 00000400         
   31 00000400         ; Amount of memory (in bytes) allocated for Heap
   32 00000400 00000000 
                       Heap_Size
                               EQU              0x00000000
   33 00000400         
   34 00000400                 AREA             HEAP, NOINIT, READWRITE, ALIGN=
3
   35 00000000         __heap_base
   36 00000000         Heap_Mem
                               SPACE            Heap_Size
   37 00000000         __heap_limit
   38 00000000         
   39 00000000         
   40 00000000                 PRESERVE8



ARM Macro Assembler    Page 2 


   41 00000000                 THUMB
   42 00000000         
   43 00000000         ; Vector Table Mapped to Address 0 at Reset
   44 00000000                 AREA             RESET, DATA, READONLY
   45 00000000                 EXPORT           __Vectors
   46 00000000                 EXPORT           __Vectors_End
   47 00000000                 EXPORT           __Vectors_Size
   48 00000000                 IMPORT           STL_StartUp
   49 00000000         
   50 00000000 00000400 
                       __Vectors
                               DCD              Stack_Mem + Stack_Size ;       
                                                                   ; Top of Sta
                                                            ck
   51 00000004 00000000        DCD              STL_StartUp ; Reset Handler
   52 00000008 00000000        DCD              NMI_Handler ; NMI Handler
   53 0000000C 00000000        DCD              HardFault_Handler ; Hard Fault 
                                                            Handler
   54 00000010 00000000        DCD              0           ; Reserved
   55 00000014 00000000        DCD              0           ; Reserved
   56 00000018 00000000        DCD              0           ; Reserved
   57 0000001C 00000000        DCD              0           ; Reserved
   58 00000020 00000000        DCD              0           ; Reserved
   59 00000024 00000000        DCD              0           ; Reserved
   60 00000028 00000000        DCD              0
   61 0000002C 00000000        DCD              SVC_Handler ; SVCall Handler
   62 00000030 00000000        DCD              0           ; Reserved
   63 00000034 00000000        DCD              0           ; Reserved
   64 00000038 00000000        DCD              PendSV_Handler ; PendSV Handler
                                                            
   65 0000003C 00000000        DCD              SysTick_Handler 
                                                            ; SysTick Handler
   66 00000040         
   67 00000040         ; External Interrupts
   68 00000040 00000000        DCD              UART0_Handler
   69 00000044 00000000        DCD              TIMR0_Handler
   70 00000048 00000000        DCD              SPI0_Handler
   71 0000004C 00000000        DCD              UART1_Handler
   72 00000050 00000000        DCD              UART2_Handler
   73 00000054 00000000        DCD              TIMR1_Handler
   74 00000058 00000000        DCD              DMA_Handler
   75 0000005C 00000000        DCD              PWM0_Handler
   76 00000060 00000000        DCD              BTIMR0_Handler
   77 00000064 00000000        DCD              TIMR2_Handler
   78 00000068 00000000        DCD              TIMR3_Handler
   79 0000006C 00000000        DCD              WDT_Handler
   80 00000070 00000000        DCD              I2C4_Handler
   81 00000074 00000000        DCD              UART3_Handler
   82 00000078 00000000        DCD              ADC0_Handler
   83 0000007C 00000000        DCD              BTIMR1_Handler
   84 00000080 00000000        DCD              GPIOA9_GPIOC6_Handler
   85 00000084 00000000        DCD              GPIOA6_GPIOC7_Handler
   86 00000088 00000000        DCD              GPIOA7_GPIOC8_Handler
   87 0000008C 00000000        DCD              GPIOA8_GPIOC9_Handler
   88 00000090 00000000        DCD              GPIOA10_GPIOC10_Handler
   89 00000094 00000000        DCD              GPIOA13_GPIOC12_Handler
   90 00000098 00000000        DCD              GPIOA12_GPIOC13_Handler
   91 0000009C 00000000        DCD              GPIOA11_GPIOC14_Handler
   92 000000A0 00000000        DCD              XTALSTOPDET_GPIOC0_Handler



ARM Macro Assembler    Page 3 


   93 000000A4 00000000        DCD              BTIMR2_GPIOB12_Handler
   94 000000A8 00000000        DCD              PWM1_GPIOA1_Handler
   95 000000AC 00000000        DCD              PWM2_UART4_Handler
   96 000000B0 00000000        DCD              BOD_PWMHALT_Handler
   97 000000B4 00000000        DCD              PWM3_GPIOB_ACMP_Handler
   98 000000B8 00000000        DCD              SPI1_HALL_GPIOD_Handler
   99 000000BC 00000000        DCD              BTIMR3_RTC_Handler
  100 000000C0         
  101 000000C0         __Vectors_End
  102 000000C0         
  103 000000C0 000000C0 
                       __Vectors_Size
                               EQU              __Vectors_End - __Vectors
  104 000000C0         
  105 000000C0         
  106 000000C0         
  107 000000C0                 AREA             |.text|, CODE, READONLY
  108 00000000         
  109 00000000         Reset_Handler
                               PROC
  110 00000000                 EXPORT           Reset_Handler          [WEAK]
  111 00000000                 IMPORT           __main
  112 00000000 4813            LDR              R0, =__main
  113 00000002 4700            BX               R0
  114 00000004                 ENDP
  115 00000004         
  116 00000004         ; Dummy Exception Handlers (infinite loops which can be 
                       modified)
  117 00000004         
  118 00000004         NMI_Handler
                               PROC
  119 00000004                 EXPORT           NMI_Handler             [WEAK]
  120 00000004 E7FE            B                .
  121 00000006                 ENDP
  122 00000006         
  123 00000006         HardFault_Handler
                               PROC
  124 00000006                 EXPORT           HardFault_Handler       [WEAK]
  125 00000006 E7FE            B                .
  126 00000008                 ENDP
  127 00000008         
  128 00000008         SVC_Handler
                               PROC
  129 00000008                 EXPORT           SVC_Handler             [WEAK]
  130 00000008 E7FE            B                .
  131 0000000A                 ENDP
  132 0000000A         
  133 0000000A         PendSV_Handler
                               PROC
  134 0000000A                 EXPORT           PendSV_Handler          [WEAK]
  135 0000000A E7FE            B                .
  136 0000000C                 ENDP
  137 0000000C         
  138 0000000C         SysTick_Handler
                               PROC
  139 0000000C                 EXPORT           SysTick_Handler         [WEAK]
  140 0000000C E7FE            B                .
  141 0000000E                 ENDP
  142 0000000E         



ARM Macro Assembler    Page 4 


  143 0000000E         UART0_Handler
                               PROC
  144 0000000E                 EXPORT           UART0_Handler           [WEAK]
  145 0000000E E7FE            B                .
  146 00000010                 ENDP
  147 00000010         
  148 00000010         TIMR0_Handler
                               PROC
  149 00000010                 EXPORT           TIMR0_Handler           [WEAK]
  150 00000010 E7FE            B                .
  151 00000012                 ENDP
  152 00000012         
  153 00000012         SPI0_Handler
                               PROC
  154 00000012                 EXPORT           SPI0_Handler            [WEAK]
  155 00000012 E7FE            B                .
  156 00000014                 ENDP
  157 00000014         
  158 00000014         UART1_Handler
                               PROC
  159 00000014                 EXPORT           UART1_Handler           [WEAK]
  160 00000014 E7FE            B                .
  161 00000016                 ENDP
  162 00000016         
  163 00000016         UART2_Handler
                               PROC
  164 00000016                 EXPORT           UART2_Handler          [WEAK]
  165 00000016 E7FE            B                .
  166 00000018                 ENDP
  167 00000018         
  168 00000018         TIMR1_Handler
                               PROC
  169 00000018                 EXPORT           TIMR1_Handler           [WEAK]
  170 00000018 E7FE            B                .
  171 0000001A                 ENDP
  172 0000001A         
  173 0000001A         DMA_Handler
                               PROC
  174 0000001A                 EXPORT           DMA_Handler             [WEAK]
  175 0000001A E7FE            B                .
  176 0000001C                 ENDP
  177 0000001C         
  178 0000001C         PWM0_Handler
                               PROC
  179 0000001C                 EXPORT           PWM0_Handler            [WEAK]
  180 0000001C E7FE            B                .
  181 0000001E                 ENDP
  182 0000001E         
  183 0000001E         BTIMR0_Handler
                               PROC
  184 0000001E                 EXPORT           BTIMR0_Handler          [WEAK]
  185 0000001E E7FE            B                .
  186 00000020                 ENDP
  187 00000020         
  188 00000020         TIMR2_Handler
                               PROC
  189 00000020                 EXPORT           TIMR2_Handler           [WEAK]
  190 00000020 E7FE            B                .
  191 00000022                 ENDP



ARM Macro Assembler    Page 5 


  192 00000022         
  193 00000022         TIMR3_Handler
                               PROC
  194 00000022                 EXPORT           TIMR3_Handler           [WEAK]
  195 00000022 E7FE            B                .
  196 00000024                 ENDP
  197 00000024         
  198 00000024         WDT_Handler
                               PROC
  199 00000024                 EXPORT           WDT_Handler             [WEAK]
  200 00000024 E7FE            B                .
  201 00000026                 ENDP
  202 00000026         
  203 00000026         I2C4_Handler
                               PROC
  204 00000026                 EXPORT           I2C4_Handler            [WEAK]
  205 00000026 E7FE            B                .
  206 00000028                 ENDP
  207 00000028         
  208 00000028         UART3_Handler
                               PROC
  209 00000028                 EXPORT           UART3_Handler           [WEAK]
  210 00000028 E7FE            B                .
  211 0000002A                 ENDP
  212 0000002A         
  213 0000002A         ADC0_Handler
                               PROC
  214 0000002A                 EXPORT           ADC0_Handler            [WEAK]
  215 0000002A E7FE            B                .
  216 0000002C                 ENDP
  217 0000002C         
  218 0000002C         BTIMR1_Handler
                               PROC
  219 0000002C                 EXPORT           BTIMR1_Handler          [WEAK]
  220 0000002C E7FE            B                .
  221 0000002E                 ENDP
  222 0000002E         
  223 0000002E         GPIOA9_GPIOC6_Handler
                               PROC
  224 0000002E                 EXPORT           GPIOA9_GPIOC6_Handler   [WEAK]
  225 0000002E E7FE            B                .
  226 00000030                 ENDP
  227 00000030         
  228 00000030         GPIOA6_GPIOC7_Handler
                               PROC
  229 00000030                 EXPORT           GPIOA6_GPIOC7_Handler   [WEAK]
  230 00000030 E7FE            B                .
  231 00000032                 ENDP
  232 00000032         
  233 00000032         GPIOA7_GPIOC8_Handler
                               PROC
  234 00000032                 EXPORT           GPIOA7_GPIOC8_Handler   [WEAK]
  235 00000032 E7FE            B                .
  236 00000034                 ENDP
  237 00000034         
  238 00000034         GPIOA8_GPIOC9_Handler
                               PROC
  239 00000034                 EXPORT           GPIOA8_GPIOC9_Handler   [WEAK]
  240 00000034 E7FE            B                .



ARM Macro Assembler    Page 6 


  241 00000036                 ENDP
  242 00000036         
  243 00000036         GPIOA10_GPIOC10_Handler
                               PROC
  244 00000036                 EXPORT           GPIOA10_GPIOC10_Handler [WEAK]
  245 00000036 E7FE            B                .
  246 00000038                 ENDP
  247 00000038         
  248 00000038         GPIOA13_GPIOC12_Handler
                               PROC
  249 00000038                 EXPORT           GPIOA13_GPIOC12_Handler [WEAK]
  250 00000038 E7FE            B                .
  251 0000003A                 ENDP
  252 0000003A         
  253 0000003A         GPIOA12_GPIOC13_Handler
                               PROC
  254 0000003A                 EXPORT           GPIOA12_GPIOC13_Handler [WEAK]
  255 0000003A E7FE            B                .
  256 0000003C                 ENDP
  257 0000003C         
  258 0000003C         GPIOA11_GPIOC14_Handler
                               PROC
  259 0000003C                 EXPORT           GPIOA11_GPIOC14_Handler [WEAK]
  260 0000003C E7FE            B                .
  261 0000003E                 ENDP
  262 0000003E         
  263 0000003E         XTALSTOPDET_GPIOC0_Handler
                               PROC
  264 0000003E                 EXPORT           XTALSTOPDET_GPIOC0_Handler [WEA
K]
  265 0000003E E7FE            B                .
  266 00000040                 ENDP
  267 00000040         
  268 00000040         BTIMR2_GPIOB12_Handler
                               PROC
  269 00000040                 EXPORT           BTIMR2_GPIOB12_Handler  [WEAK]
  270 00000040 E7FE            B                .
  271 00000042                 ENDP
  272 00000042         
  273 00000042         PWM1_GPIOA1_Handler
                               PROC
  274 00000042                 EXPORT           PWM1_GPIOA1_Handler     [WEAK]
  275 00000042 E7FE            B                .
  276 00000044                 ENDP
  277 00000044         
  278 00000044         PWM2_UART4_Handler
                               PROC
  279 00000044                 EXPORT           PWM2_UART4_Handler      [WEAK]
  280 00000044 E7FE            B                .
  281 00000046                 ENDP
  282 00000046         
  283 00000046         BOD_PWMHALT_Handler
                               PROC
  284 00000046                 EXPORT           BOD_PWMHALT_Handler     [WEAK]
  285 00000046 E7FE            B                .
  286 00000048                 ENDP
  287 00000048         
  288 00000048         PWM3_GPIOB_ACMP_Handler
                               PROC



ARM Macro Assembler    Page 7 


  289 00000048                 EXPORT           PWM3_GPIOB_ACMP_Handler [WEAK]
  290 00000048 E7FE            B                .
  291 0000004A                 ENDP
  292 0000004A         
  293 0000004A         SPI1_HALL_GPIOD_Handler
                               PROC
  294 0000004A                 EXPORT           SPI1_HALL_GPIOD_Handler [WEAK]
  295 0000004A E7FE            B                .
  296 0000004C                 ENDP
  297 0000004C         
  298 0000004C         BTIMR3_RTC_Handler
                               PROC
  299 0000004C                 EXPORT           BTIMR3_RTC_Handler      [WEAK]
  300 0000004C E7FE            B                .
  301 0000004E                 ENDP
  302 0000004E         
  303 0000004E 00 00           ALIGN
  304 00000050         
  305 00000050         
  306 00000050         ;*******************************************************
                       ************************
  307 00000050         ; User Stack and Heap initialization
  308 00000050         ;*******************************************************
                       ************************
  309 00000050                 IF               :DEF:__MICROLIB
  310 00000050         
  311 00000050                 EXPORT           __initial_sp
  312 00000050                 EXPORT           __heap_base
  313 00000050                 EXPORT           __heap_limit
  314 00000050         
  315 00000050                 ELSE
  330                          ENDIF
  331 00000050         
  332 00000050 00000000        AREA             CHECKSUM, DATA, READONLY, ALIGN
=6
  333 00000000                 EXPORT           __Check_Sum
  334 00000000         
  335 00000000         ; Alignement here must correspond to the size of tested 
                       block at FLASH run time test (16 words ~ 64 bytes)!!! 这
                       里的对齐必须对应于FLASH运行时测试的测试块的大小(16个字~ 
                       64字节)!!
  336 00000000                 ALIGN
  337 00000000         
  338 00000000 528796EA 
                       __Check_Sum
                               DCD              0x528796EA  ; Check sum compute
                                                            d externaly
  339 00000004         
  340 00000004                 END
Command Line: --debug --xref --diag_suppress=9931 --cpu=Cortex-M0 --apcs=interw
ork --depend=.\out\startup_swm260.d -o.\out\startup_swm260.o -I.\CSL\SWM260_Std
Periph_Driver -I.\CSL\CMSIS\CoreSupport -I.\CSL\CMSIS\DeviceSupport -I.\SelfTes
tLib -IC:\Users\zhangtn\AppData\Local\Arm\Packs\Synwit\SWM32_DFP\2.0.5\CSL\SWM2
60\CMSIS\DeviceSupport --predefine="__EVAL SETA 1" --predefine="__MICROLIB SETA
 1" --predefine="__UVISION_VERSION SETA 536" --list=.\out\startup_swm260.lst CS
L\CMSIS\DeviceSupport\startup\arm\startup_SWM260.s



ARM Macro Assembler    Page 1 Alphabetic symbol ordering
Relocatable symbols

STACK 00000000

Symbol: STACK
   Definitions
      At line 26 in file CSL\CMSIS\DeviceSupport\startup\arm\startup_SWM260.s
   Uses
      None
Comment: STACK unused
Stack_Mem 00000000

Symbol: Stack_Mem
   Definitions
      At line 27 in file CSL\CMSIS\DeviceSupport\startup\arm\startup_SWM260.s
   Uses
      At line 50 in file CSL\CMSIS\DeviceSupport\startup\arm\startup_SWM260.s
Comment: Stack_Mem used once
__initial_sp 00000400

Symbol: __initial_sp
   Definitions
      At line 28 in file CSL\CMSIS\DeviceSupport\startup\arm\startup_SWM260.s
   Uses
      At line 311 in file CSL\CMSIS\DeviceSupport\startup\arm\startup_SWM260.s
Comment: __initial_sp used once
3 symbols



ARM Macro Assembler    Page 1 Alphabetic symbol ordering
Relocatable symbols

HEAP 00000000

Symbol: HEAP
   Definitions
      At line 34 in file CSL\CMSIS\DeviceSupport\startup\arm\startup_SWM260.s
   Uses
      None
Comment: HEAP unused
Heap_Mem 00000000

Symbol: Heap_Mem
   Definitions
      At line 36 in file CSL\CMSIS\DeviceSupport\startup\arm\startup_SWM260.s
   Uses
      None
Comment: Heap_Mem unused
__heap_base 00000000

Symbol: __heap_base
   Definitions
      At line 35 in file CSL\CMSIS\DeviceSupport\startup\arm\startup_SWM260.s
   Uses
      At line 312 in file CSL\CMSIS\DeviceSupport\startup\arm\startup_SWM260.s
Comment: __heap_base used once
__heap_limit 00000000

Symbol: __heap_limit
   Definitions
      At line 37 in file CSL\CMSIS\DeviceSupport\startup\arm\startup_SWM260.s
   Uses
      At line 313 in file CSL\CMSIS\DeviceSupport\startup\arm\startup_SWM260.s
Comment: __heap_limit used once
4 symbols



ARM Macro Assembler    Page 1 Alphabetic symbol ordering
Relocatable symbols

RESET 00000000

Symbol: RESET
   Definitions
      At line 44 in file CSL\CMSIS\DeviceSupport\startup\arm\startup_SWM260.s
   Uses
      None
Comment: RESET unused
__Vectors 00000000

Symbol: __Vectors
   Definitions
      At line 50 in file CSL\CMSIS\DeviceSupport\startup\arm\startup_SWM260.s
   Uses
      At line 45 in file CSL\CMSIS\DeviceSupport\startup\arm\startup_SWM260.s
      At line 103 in file CSL\CMSIS\DeviceSupport\startup\arm\startup_SWM260.s

__Vectors_End 000000C0

Symbol: __Vectors_End
   Definitions
      At line 101 in file CSL\CMSIS\DeviceSupport\startup\arm\startup_SWM260.s
   Uses
      At line 46 in file CSL\CMSIS\DeviceSupport\startup\arm\startup_SWM260.s
      At line 103 in file CSL\CMSIS\DeviceSupport\startup\arm\startup_SWM260.s

3 symbols



ARM Macro Assembler    Page 1 Alphabetic symbol ordering
Relocatable symbols

.text 00000000

Symbol: .text
   Definitions
      At line 107 in file CSL\CMSIS\DeviceSupport\startup\arm\startup_SWM260.s
   Uses
      None
Comment: .text unused
ADC0_Handler 0000002A

Symbol: ADC0_Handler
   Definitions
      At line 213 in file CSL\CMSIS\DeviceSupport\startup\arm\startup_SWM260.s
   Uses
      At line 82 in file CSL\CMSIS\DeviceSupport\startup\arm\startup_SWM260.s
      At line 214 in file CSL\CMSIS\DeviceSupport\startup\arm\startup_SWM260.s

BOD_PWMHALT_Handler 00000046

Symbol: BOD_PWMHALT_Handler
   Definitions
      At line 283 in file CSL\CMSIS\DeviceSupport\startup\arm\startup_SWM260.s
   Uses
      At line 96 in file CSL\CMSIS\DeviceSupport\startup\arm\startup_SWM260.s
      At line 284 in file CSL\CMSIS\DeviceSupport\startup\arm\startup_SWM260.s

BTIMR0_Handler 0000001E

Symbol: BTIMR0_Handler
   Definitions
      At line 183 in file CSL\CMSIS\DeviceSupport\startup\arm\startup_SWM260.s
   Uses
      At line 76 in file CSL\CMSIS\DeviceSupport\startup\arm\startup_SWM260.s
      At line 184 in file CSL\CMSIS\DeviceSupport\startup\arm\startup_SWM260.s

BTIMR1_Handler 0000002C

Symbol: BTIMR1_Handler
   Definitions
      At line 218 in file CSL\CMSIS\DeviceSupport\startup\arm\startup_SWM260.s
   Uses
      At line 83 in file CSL\CMSIS\DeviceSupport\startup\arm\startup_SWM260.s
      At line 219 in file CSL\CMSIS\DeviceSupport\startup\arm\startup_SWM260.s

BTIMR2_GPIOB12_Handler 00000040

Symbol: BTIMR2_GPIOB12_Handler
   Definitions
      At line 268 in file CSL\CMSIS\DeviceSupport\startup\arm\startup_SWM260.s
   Uses
      At line 93 in file CSL\CMSIS\DeviceSupport\startup\arm\startup_SWM260.s
      At line 269 in file CSL\CMSIS\DeviceSupport\startup\arm\startup_SWM260.s

BTIMR3_RTC_Handler 0000004C

Symbol: BTIMR3_RTC_Handler
   Definitions
      At line 298 in file CSL\CMSIS\DeviceSupport\startup\arm\startup_SWM260.s
   Uses



ARM Macro Assembler    Page 2 Alphabetic symbol ordering
Relocatable symbols

      At line 99 in file CSL\CMSIS\DeviceSupport\startup\arm\startup_SWM260.s
      At line 299 in file CSL\CMSIS\DeviceSupport\startup\arm\startup_SWM260.s

DMA_Handler 0000001A

Symbol: DMA_Handler
   Definitions
      At line 173 in file CSL\CMSIS\DeviceSupport\startup\arm\startup_SWM260.s
   Uses
      At line 74 in file CSL\CMSIS\DeviceSupport\startup\arm\startup_SWM260.s
      At line 174 in file CSL\CMSIS\DeviceSupport\startup\arm\startup_SWM260.s

GPIOA10_GPIOC10_Handler 00000036

Symbol: GPIOA10_GPIOC10_Handler
   Definitions
      At line 243 in file CSL\CMSIS\DeviceSupport\startup\arm\startup_SWM260.s
   Uses
      At line 88 in file CSL\CMSIS\DeviceSupport\startup\arm\startup_SWM260.s
      At line 244 in file CSL\CMSIS\DeviceSupport\startup\arm\startup_SWM260.s

GPIOA11_GPIOC14_Handler 0000003C

Symbol: GPIOA11_GPIOC14_Handler
   Definitions
      At line 258 in file CSL\CMSIS\DeviceSupport\startup\arm\startup_SWM260.s
   Uses
      At line 91 in file CSL\CMSIS\DeviceSupport\startup\arm\startup_SWM260.s
      At line 259 in file CSL\CMSIS\DeviceSupport\startup\arm\startup_SWM260.s

GPIOA12_GPIOC13_Handler 0000003A

Symbol: GPIOA12_GPIOC13_Handler
   Definitions
      At line 253 in file CSL\CMSIS\DeviceSupport\startup\arm\startup_SWM260.s
   Uses
      At line 90 in file CSL\CMSIS\DeviceSupport\startup\arm\startup_SWM260.s
      At line 254 in file CSL\CMSIS\DeviceSupport\startup\arm\startup_SWM260.s

GPIOA13_GPIOC12_Handler 00000038

Symbol: GPIOA13_GPIOC12_Handler
   Definitions
      At line 248 in file CSL\CMSIS\DeviceSupport\startup\arm\startup_SWM260.s
   Uses
      At line 89 in file CSL\CMSIS\DeviceSupport\startup\arm\startup_SWM260.s
      At line 249 in file CSL\CMSIS\DeviceSupport\startup\arm\startup_SWM260.s

GPIOA6_GPIOC7_Handler 00000030

Symbol: GPIOA6_GPIOC7_Handler
   Definitions
      At line 228 in file CSL\CMSIS\DeviceSupport\startup\arm\startup_SWM260.s
   Uses
      At line 85 in file CSL\CMSIS\DeviceSupport\startup\arm\startup_SWM260.s
      At line 229 in file CSL\CMSIS\DeviceSupport\startup\arm\startup_SWM260.s

GPIOA7_GPIOC8_Handler 00000032




ARM Macro Assembler    Page 3 Alphabetic symbol ordering
Relocatable symbols

Symbol: GPIOA7_GPIOC8_Handler
   Definitions
      At line 233 in file CSL\CMSIS\DeviceSupport\startup\arm\startup_SWM260.s
   Uses
      At line 86 in file CSL\CMSIS\DeviceSupport\startup\arm\startup_SWM260.s
      At line 234 in file CSL\CMSIS\DeviceSupport\startup\arm\startup_SWM260.s

GPIOA8_GPIOC9_Handler 00000034

Symbol: GPIOA8_GPIOC9_Handler
   Definitions
      At line 238 in file CSL\CMSIS\DeviceSupport\startup\arm\startup_SWM260.s
   Uses
      At line 87 in file CSL\CMSIS\DeviceSupport\startup\arm\startup_SWM260.s
      At line 239 in file CSL\CMSIS\DeviceSupport\startup\arm\startup_SWM260.s

GPIOA9_GPIOC6_Handler 0000002E

Symbol: GPIOA9_GPIOC6_Handler
   Definitions
      At line 223 in file CSL\CMSIS\DeviceSupport\startup\arm\startup_SWM260.s
   Uses
      At line 84 in file CSL\CMSIS\DeviceSupport\startup\arm\startup_SWM260.s
      At line 224 in file CSL\CMSIS\DeviceSupport\startup\arm\startup_SWM260.s

HardFault_Handler 00000006

Symbol: HardFault_Handler
   Definitions
      At line 123 in file CSL\CMSIS\DeviceSupport\startup\arm\startup_SWM260.s
   Uses
      At line 53 in file CSL\CMSIS\DeviceSupport\startup\arm\startup_SWM260.s
      At line 124 in file CSL\CMSIS\DeviceSupport\startup\arm\startup_SWM260.s

I2C4_Handler 00000026

Symbol: I2C4_Handler
   Definitions
      At line 203 in file CSL\CMSIS\DeviceSupport\startup\arm\startup_SWM260.s
   Uses
      At line 80 in file CSL\CMSIS\DeviceSupport\startup\arm\startup_SWM260.s
      At line 204 in file CSL\CMSIS\DeviceSupport\startup\arm\startup_SWM260.s

NMI_Handler 00000004

Symbol: NMI_Handler
   Definitions
      At line 118 in file CSL\CMSIS\DeviceSupport\startup\arm\startup_SWM260.s
   Uses
      At line 52 in file CSL\CMSIS\DeviceSupport\startup\arm\startup_SWM260.s
      At line 119 in file CSL\CMSIS\DeviceSupport\startup\arm\startup_SWM260.s

PWM0_Handler 0000001C

Symbol: PWM0_Handler
   Definitions
      At line 178 in file CSL\CMSIS\DeviceSupport\startup\arm\startup_SWM260.s
   Uses
      At line 75 in file CSL\CMSIS\DeviceSupport\startup\arm\startup_SWM260.s



ARM Macro Assembler    Page 4 Alphabetic symbol ordering
Relocatable symbols

      At line 179 in file CSL\CMSIS\DeviceSupport\startup\arm\startup_SWM260.s

PWM1_GPIOA1_Handler 00000042

Symbol: PWM1_GPIOA1_Handler
   Definitions
      At line 273 in file CSL\CMSIS\DeviceSupport\startup\arm\startup_SWM260.s
   Uses
      At line 94 in file CSL\CMSIS\DeviceSupport\startup\arm\startup_SWM260.s
      At line 274 in file CSL\CMSIS\DeviceSupport\startup\arm\startup_SWM260.s

PWM2_UART4_Handler 00000044

Symbol: PWM2_UART4_Handler
   Definitions
      At line 278 in file CSL\CMSIS\DeviceSupport\startup\arm\startup_SWM260.s
   Uses
      At line 95 in file CSL\CMSIS\DeviceSupport\startup\arm\startup_SWM260.s
      At line 279 in file CSL\CMSIS\DeviceSupport\startup\arm\startup_SWM260.s

PWM3_GPIOB_ACMP_Handler 00000048

Symbol: PWM3_GPIOB_ACMP_Handler
   Definitions
      At line 288 in file CSL\CMSIS\DeviceSupport\startup\arm\startup_SWM260.s
   Uses
      At line 97 in file CSL\CMSIS\DeviceSupport\startup\arm\startup_SWM260.s
      At line 289 in file CSL\CMSIS\DeviceSupport\startup\arm\startup_SWM260.s

PendSV_Handler 0000000A

Symbol: PendSV_Handler
   Definitions
      At line 133 in file CSL\CMSIS\DeviceSupport\startup\arm\startup_SWM260.s
   Uses
      At line 64 in file CSL\CMSIS\DeviceSupport\startup\arm\startup_SWM260.s
      At line 134 in file CSL\CMSIS\DeviceSupport\startup\arm\startup_SWM260.s

Reset_Handler 00000000

Symbol: Reset_Handler
   Definitions
      At line 109 in file CSL\CMSIS\DeviceSupport\startup\arm\startup_SWM260.s
   Uses
      At line 110 in file CSL\CMSIS\DeviceSupport\startup\arm\startup_SWM260.s
Comment: Reset_Handler used once
SPI0_Handler 00000012

Symbol: SPI0_Handler
   Definitions
      At line 153 in file CSL\CMSIS\DeviceSupport\startup\arm\startup_SWM260.s
   Uses
      At line 70 in file CSL\CMSIS\DeviceSupport\startup\arm\startup_SWM260.s
      At line 154 in file CSL\CMSIS\DeviceSupport\startup\arm\startup_SWM260.s

SPI1_HALL_GPIOD_Handler 0000004A

Symbol: SPI1_HALL_GPIOD_Handler
   Definitions



ARM Macro Assembler    Page 5 Alphabetic symbol ordering
Relocatable symbols

      At line 293 in file CSL\CMSIS\DeviceSupport\startup\arm\startup_SWM260.s
   Uses
      At line 98 in file CSL\CMSIS\DeviceSupport\startup\arm\startup_SWM260.s
      At line 294 in file CSL\CMSIS\DeviceSupport\startup\arm\startup_SWM260.s

SVC_Handler 00000008

Symbol: SVC_Handler
   Definitions
      At line 128 in file CSL\CMSIS\DeviceSupport\startup\arm\startup_SWM260.s
   Uses
      At line 61 in file CSL\CMSIS\DeviceSupport\startup\arm\startup_SWM260.s
      At line 129 in file CSL\CMSIS\DeviceSupport\startup\arm\startup_SWM260.s

SysTick_Handler 0000000C

Symbol: SysTick_Handler
   Definitions
      At line 138 in file CSL\CMSIS\DeviceSupport\startup\arm\startup_SWM260.s
   Uses
      At line 65 in file CSL\CMSIS\DeviceSupport\startup\arm\startup_SWM260.s
      At line 139 in file CSL\CMSIS\DeviceSupport\startup\arm\startup_SWM260.s

TIMR0_Handler 00000010

Symbol: TIMR0_Handler
   Definitions
      At line 148 in file CSL\CMSIS\DeviceSupport\startup\arm\startup_SWM260.s
   Uses
      At line 69 in file CSL\CMSIS\DeviceSupport\startup\arm\startup_SWM260.s
      At line 149 in file CSL\CMSIS\DeviceSupport\startup\arm\startup_SWM260.s

TIMR1_Handler 00000018

Symbol: TIMR1_Handler
   Definitions
      At line 168 in file CSL\CMSIS\DeviceSupport\startup\arm\startup_SWM260.s
   Uses
      At line 73 in file CSL\CMSIS\DeviceSupport\startup\arm\startup_SWM260.s
      At line 169 in file CSL\CMSIS\DeviceSupport\startup\arm\startup_SWM260.s

TIMR2_Handler 00000020

Symbol: TIMR2_Handler
   Definitions
      At line 188 in file CSL\CMSIS\DeviceSupport\startup\arm\startup_SWM260.s
   Uses
      At line 77 in file CSL\CMSIS\DeviceSupport\startup\arm\startup_SWM260.s
      At line 189 in file CSL\CMSIS\DeviceSupport\startup\arm\startup_SWM260.s

TIMR3_Handler 00000022

Symbol: TIMR3_Handler
   Definitions
      At line 193 in file CSL\CMSIS\DeviceSupport\startup\arm\startup_SWM260.s
   Uses
      At line 78 in file CSL\CMSIS\DeviceSupport\startup\arm\startup_SWM260.s
      At line 194 in file CSL\CMSIS\DeviceSupport\startup\arm\startup_SWM260.s




ARM Macro Assembler    Page 6 Alphabetic symbol ordering
Relocatable symbols

UART0_Handler 0000000E

Symbol: UART0_Handler
   Definitions
      At line 143 in file CSL\CMSIS\DeviceSupport\startup\arm\startup_SWM260.s
   Uses
      At line 68 in file CSL\CMSIS\DeviceSupport\startup\arm\startup_SWM260.s
      At line 144 in file CSL\CMSIS\DeviceSupport\startup\arm\startup_SWM260.s

UART1_Handler 00000014

Symbol: UART1_Handler
   Definitions
      At line 158 in file CSL\CMSIS\DeviceSupport\startup\arm\startup_SWM260.s
   Uses
      At line 71 in file CSL\CMSIS\DeviceSupport\startup\arm\startup_SWM260.s
      At line 159 in file CSL\CMSIS\DeviceSupport\startup\arm\startup_SWM260.s

UART2_Handler 00000016

Symbol: UART2_Handler
   Definitions
      At line 163 in file CSL\CMSIS\DeviceSupport\startup\arm\startup_SWM260.s
   Uses
      At line 72 in file CSL\CMSIS\DeviceSupport\startup\arm\startup_SWM260.s
      At line 164 in file CSL\CMSIS\DeviceSupport\startup\arm\startup_SWM260.s

UART3_Handler 00000028

Symbol: UART3_Handler
   Definitions
      At line 208 in file CSL\CMSIS\DeviceSupport\startup\arm\startup_SWM260.s
   Uses
      At line 81 in file CSL\CMSIS\DeviceSupport\startup\arm\startup_SWM260.s
      At line 209 in file CSL\CMSIS\DeviceSupport\startup\arm\startup_SWM260.s

WDT_Handler 00000024

Symbol: WDT_Handler
   Definitions
      At line 198 in file CSL\CMSIS\DeviceSupport\startup\arm\startup_SWM260.s
   Uses
      At line 79 in file CSL\CMSIS\DeviceSupport\startup\arm\startup_SWM260.s
      At line 199 in file CSL\CMSIS\DeviceSupport\startup\arm\startup_SWM260.s

XTALSTOPDET_GPIOC0_Handler 0000003E

Symbol: XTALSTOPDET_GPIOC0_Handler
   Definitions
      At line 263 in file CSL\CMSIS\DeviceSupport\startup\arm\startup_SWM260.s
   Uses
      At line 92 in file CSL\CMSIS\DeviceSupport\startup\arm\startup_SWM260.s
      At line 264 in file CSL\CMSIS\DeviceSupport\startup\arm\startup_SWM260.s

39 symbols



ARM Macro Assembler    Page 1 Alphabetic symbol ordering
Relocatable symbols

CHECKSUM 00000000

Symbol: CHECKSUM
   Definitions
      At line 332 in file CSL\CMSIS\DeviceSupport\startup\arm\startup_SWM260.s
   Uses
      None
Comment: CHECKSUM unused
__Check_Sum 00000000

Symbol: __Check_Sum
   Definitions
      At line 338 in file CSL\CMSIS\DeviceSupport\startup\arm\startup_SWM260.s
   Uses
      At line 333 in file CSL\CMSIS\DeviceSupport\startup\arm\startup_SWM260.s
Comment: __Check_Sum used once
2 symbols



ARM Macro Assembler    Page 1 Alphabetic symbol ordering
Absolute symbols

Heap_Size 00000000

Symbol: Heap_Size
   Definitions
      At line 32 in file CSL\CMSIS\DeviceSupport\startup\arm\startup_SWM260.s
   Uses
      At line 36 in file CSL\CMSIS\DeviceSupport\startup\arm\startup_SWM260.s
Comment: Heap_Size used once
Stack_Size 00000400

Symbol: Stack_Size
   Definitions
      At line 24 in file CSL\CMSIS\DeviceSupport\startup\arm\startup_SWM260.s
   Uses
      At line 27 in file CSL\CMSIS\DeviceSupport\startup\arm\startup_SWM260.s
      At line 50 in file CSL\CMSIS\DeviceSupport\startup\arm\startup_SWM260.s

__Vectors_Size 000000C0

Symbol: __Vectors_Size
   Definitions
      At line 103 in file CSL\CMSIS\DeviceSupport\startup\arm\startup_SWM260.s
   Uses
      At line 47 in file CSL\CMSIS\DeviceSupport\startup\arm\startup_SWM260.s
Comment: __Vectors_Size used once
3 symbols



ARM Macro Assembler    Page 1 Alphabetic symbol ordering
External symbols

STL_StartUp 00000000

Symbol: STL_StartUp
   Definitions
      At line 48 in file CSL\CMSIS\DeviceSupport\startup\arm\startup_SWM260.s
   Uses
      At line 51 in file CSL\CMSIS\DeviceSupport\startup\arm\startup_SWM260.s
Comment: STL_StartUp used once
__main 00000000

Symbol: __main
   Definitions
      At line 111 in file CSL\CMSIS\DeviceSupport\startup\arm\startup_SWM260.s
   Uses
      At line 112 in file CSL\CMSIS\DeviceSupport\startup\arm\startup_SWM260.s
Comment: __main used once
2 symbols
391 symbols in table
